<?xml version="1.0" encoding="UTF-8"?>
<testsuite name="dev.shreyaspatil.mykart.TimeUtilsTest" tests="2" skipped="0" failures="0" errors="0" timestamp="2020-04-15T07:42:10" hostname="DESKTOP-HI39KNJ" time="0.024">
  <properties/>
  <testcase name="test_hours_difference" classname="dev.shreyaspatil.mykart.TimeUtilsTest" time="0.023"/>
  <testcase name="test_date_difference" classname="dev.shreyaspatil.mykart.TimeUtilsTest" time="0.001"/>
  <system-out><![CDATA[]]></system-out>
  <system-err><![CDATA[]]></system-err>
</testsuite>
