<?xml version="1.0" encoding="UTF-8"?>
<testsuite name="dev.shreyaspatil.mykart.CouponUtilsTest" tests="2" skipped="0" failures="0" errors="0" timestamp="2020-04-15T07:42:10" hostname="DESKTOP-HI39KNJ" time="0.035">
  <properties/>
  <testcase name="test_invalid_coupon" classname="dev.shreyaspatil.mykart.CouponUtilsTest" time="0.007"/>
  <testcase name="test_valid_coupon" classname="dev.shreyaspatil.mykart.CouponUtilsTest" time="0.028"/>
  <system-out><![CDATA[]]></system-out>
  <system-err><![CDATA[]]></system-err>
</testsuite>
